{"detection":["UAC Bypass Abusing Winsat Path Parsing - File","UAC Bypass Using NTFS Reparse Point - File","UAC Bypass Using .NET Code Profiler on MMC","UAC Bypass Using MSConfig Token Modification - File"],"event":{"Event":{"EventData":{"CreationUtcTime":"2020-08-25 10:08:05.766","Image":"C:\\Windows\\Explorer.EXE","ProcessGuid":"747F3D96-E2A0-5F44-0000-0010B5BA1B00","ProcessId":4192,"RuleName":"","TargetFilename":"C:\\Users\\user01\\Desktop\\Debug\\ntuser.man{f9a54a1d-9fa5-11ea-ac3f-00155d0a720b}.TM.blf","UtcTime":"2020-08-25 10:08:05.766"},"System":{"Channel":"Microsoft-Windows-Sysmon/Operational","Computer":"MSEDGEWIN10","Correlation":null,"EventID":11,"EventRecordID":358991,"Execution_attributes":{"ProcessID":3156,"ThreadID":112},"Keywords":"0x8000000000000000","Level":4,"Opcode":0,"Provider_attributes":{"Guid":"5770385F-C22A-43E0-BF4C-06F5698FFBD9","Name":"Microsoft-Windows-Sysmon"},"Security_attributes":{"UserID":"S-1-5-18"},"Task":11,"TimeCreated_attributes":{"SystemTime":"2020-08-25T10:08:05.776409Z"},"Version":2}},"Event_attributes":{"xmlns":"http://schemas.microsoft.com/win/2004/08/events/event"}}},{"detection":["UAC Bypass Abusing Winsat Path Parsing - File","UAC Bypass Using NTFS Reparse Point - File","UAC Bypass Using .NET Code Profiler on MMC","UAC Bypass Using MSConfig Token Modification - File"],"event":{"Event":{"EventData":{"CreationUtcTime":"2020-08-25 10:08:05.766","Image":"C:\\Windows\\Explorer.EXE","ProcessGuid":"747F3D96-E2A0-5F44-0000-0010B5BA1B00","ProcessId":4192,"RuleName":"","TargetFilename":"C:\\Users\\user01\\Desktop\\Debug\\ntuser.man{f9a54a1d-9fa5-11ea-ac3f-00155d0a720b}.TMContainer00000000000000000001.regtrans-ms","UtcTime":"2020-08-25 10:08:05.766"},"System":{"Channel":"Microsoft-Windows-Sysmon/Operational","Computer":"MSEDGEWIN10","Correlation":null,"EventID":11,"EventRecordID":358992,"Execution_attributes":{"ProcessID":3156,"ThreadID":112},"Keywords":"0x8000000000000000","Level":4,"Opcode":0,"Provider_attributes":{"Guid":"5770385F-C22A-43E0-BF4C-06F5698FFBD9","Name":"Microsoft-Windows-Sysmon"},"Security_attributes":{"UserID":"S-1-5-18"},"Task":11,"TimeCreated_attributes":{"SystemTime":"2020-08-25T10:08:05.780448Z"},"Version":2}},"Event_attributes":{"xmlns":"http://schemas.microsoft.com/win/2004/08/events/event"}}},{"detection":["UAC Bypass Abusing Winsat Path Parsing - File","UAC Bypass Using NTFS Reparse Point - File","UAC Bypass Using .NET Code Profiler on MMC","UAC Bypass Using MSConfig Token Modification - File"],"event":{"Event":{"EventData":{"CreationUtcTime":"2020-08-25 10:08:05.782","Image":"C:\\Windows\\Explorer.EXE","ProcessGuid":"747F3D96-E2A0-5F44-0000-0010B5BA1B00","ProcessId":4192,"RuleName":"","TargetFilename":"C:\\Users\\user01\\Desktop\\Debug\\ntuser.man{f9a54a1d-9fa5-11ea-ac3f-00155d0a720b}.TMContainer00000000000000000002.regtrans-ms","UtcTime":"2020-08-25 10:08:05.782"},"System":{"Channel":"Microsoft-Windows-Sysmon/Operational","Computer":"MSEDGEWIN10","Correlation":null,"EventID":11,"EventRecordID":358993,"Execution_attributes":{"ProcessID":3156,"ThreadID":112},"Keywords":"0x8000000000000000","Level":4,"Opcode":0,"Provider_attributes":{"Guid":"5770385F-C22A-43E0-BF4C-06F5698FFBD9","Name":"Microsoft-Windows-Sysmon"},"Security_attributes":{"UserID":"S-1-5-18"},"Task":11,"TimeCreated_attributes":{"SystemTime":"2020-08-25T10:08:05.787947Z"},"Version":2}},"Event_attributes":{"xmlns":"http://schemas.microsoft.com/win/2004/08/events/event"}}},{"detection":["UAC Bypass Abusing Winsat Path Parsing - File","UAC Bypass Using NTFS Reparse Point - File","UAC Bypass Using .NET Code Profiler on MMC","UAC Bypass Using MSConfig Token Modification - File"],"event":{"Event":{"EventData":{"CreationUtcTime":"2020-08-25 10:08:37.392","Image":"C:\\Users\\user01\\Desktop\\Debug\\TransactionLog.exe","ProcessGuid":"747F3D96-E324-5F44-0000-0010AA0D4100","ProcessId":520,"RuleName":"","TargetFilename":"C:\\Users\\user01\\ntuser.man","UtcTime":"2020-08-25 10:08:37.392"},"System":{"Channel":"Microsoft-Windows-Sysmon/Operational","Computer":"MSEDGEWIN10","Correlation":null,"EventID":11,"EventRecordID":359028,"Execution_attributes":{"ProcessID":3156,"ThreadID":112},"Keywords":"0x8000000000000000","Level":4,"Opcode":0,"Provider_attributes":{"Guid":"5770385F-C22A-43E0-BF4C-06F5698FFBD9","Name":"Microsoft-Windows-Sysmon"},"Security_attributes":{"UserID":"S-1-5-18"},"Task":11,"TimeCreated_attributes":{"SystemTime":"2020-08-25T10:08:37.398014Z"},"Version":2}},"Event_attributes":{"xmlns":"http://schemas.microsoft.com/win/2004/08/events/event"}}},{"detection":["UAC Bypass Abusing Winsat Path Parsing - File","UAC Bypass Using NTFS Reparse Point - File","UAC Bypass Using .NET Code Profiler on MMC","UAC Bypass Using MSConfig Token Modification - File"],"event":{"Event":{"EventData":{"CreationUtcTime":"2020-08-25 10:08:37.392","Image":"C:\\Users\\user01\\Desktop\\Debug\\TransactionLog.exe","ProcessGuid":"747F3D96-E324-5F44-0000-0010AA0D4100","ProcessId":520,"RuleName":"","TargetFilename":"C:\\Users\\user01\\ntuser.man.LOG1","UtcTime":"2020-08-25 10:08:37.392"},"System":{"Channel":"Microsoft-Windows-Sysmon/Operational","Computer":"MSEDGEWIN10","Correlation":null,"EventID":11,"EventRecordID":359030,"Execution_attributes":{"ProcessID":3156,"ThreadID":112},"Keywords":"0x8000000000000000","Level":4,"Opcode":0,"Provider_attributes":{"Guid":"5770385F-C22A-43E0-BF4C-06F5698FFBD9","Name":"Microsoft-Windows-Sysmon"},"Security_attributes":{"UserID":"S-1-5-18"},"Task":11,"TimeCreated_attributes":{"SystemTime":"2020-08-25T10:08:37.401175Z"},"Version":2}},"Event_attributes":{"xmlns":"http://schemas.microsoft.com/win/2004/08/events/event"}}},{"detection":["UAC Bypass Abusing Winsat Path Parsing - File","UAC Bypass Using NTFS Reparse Point - File","UAC Bypass Using .NET Code Profiler on MMC","UAC Bypass Using MSConfig Token Modification - File"],"event":{"Event":{"EventData":{"CreationUtcTime":"2020-08-25 10:08:37.392","Image":"C:\\Users\\user01\\Desktop\\Debug\\TransactionLog.exe","ProcessGuid":"747F3D96-E324-5F44-0000-0010AA0D4100","ProcessId":520,"RuleName":"","TargetFilename":"C:\\Users\\user01\\ntuser.man.LOG2","UtcTime":"2020-08-25 10:08:37.392"},"System":{"Channel":"Microsoft-Windows-Sysmon/Operational","Computer":"MSEDGEWIN10","Correlation":null,"EventID":11,"EventRecordID":359031,"Execution_attributes":{"ProcessID":3156,"ThreadID":112},"Keywords":"0x8000000000000000","Level":4,"Opcode":0,"Provider_attributes":{"Guid":"5770385F-C22A-43E0-BF4C-06F5698FFBD9","Name":"Microsoft-Windows-Sysmon"},"Security_attributes":{"UserID":"S-1-5-18"},"Task":11,"TimeCreated_attributes":{"SystemTime":"2020-08-25T10:08:37.401210Z"},"Version":2}},"Event_attributes":{"xmlns":"http://schemas.microsoft.com/win/2004/08/events/event"}}},{"detection":["UAC Bypass Abusing Winsat Path Parsing - File","UAC Bypass Using NTFS Reparse Point - File","UAC Bypass Using .NET Code Profiler on MMC","UAC Bypass Using MSConfig Token Modification - File"],"event":{"Event":{"EventData":{"CreationUtcTime":"2020-08-25 10:08:37.392","Image":"C:\\Users\\user01\\Desktop\\Debug\\TransactionLog.exe","ProcessGuid":"747F3D96-E324-5F44-0000-0010AA0D4100","ProcessId":520,"RuleName":"","TargetFilename":"C:\\Users\\user01\\ntuser.man{f9a54a1d-9fa5-11ea-ac3f-00155d0a720b}.TM.blf","UtcTime":"2020-08-25 10:08:37.392"},"System":{"Channel":"Microsoft-Windows-Sysmon/Operational","Computer":"MSEDGEWIN10","Correlation":null,"EventID":11,"EventRecordID":359032,"Execution_attributes":{"ProcessID":3156,"ThreadID":112},"Keywords":"0x8000000000000000","Level":4,"Opcode":0,"Provider_attributes":{"Guid":"5770385F-C22A-43E0-BF4C-06F5698FFBD9","Name":"Microsoft-Windows-Sysmon"},"Security_attributes":{"UserID":"S-1-5-18"},"Task":11,"TimeCreated_attributes":{"SystemTime":"2020-08-25T10:08:37.401236Z"},"Version":2}},"Event_attributes":{"xmlns":"http://schemas.microsoft.com/win/2004/08/events/event"}}},{"detection":["UAC Bypass Abusing Winsat Path Parsing - File","UAC Bypass Using NTFS Reparse Point - File","UAC Bypass Using .NET Code Profiler on MMC","UAC Bypass Using MSConfig Token Modification - File"],"event":{"Event":{"EventData":{"CreationUtcTime":"2020-08-25 10:08:37.392","Image":"C:\\Users\\user01\\Desktop\\Debug\\TransactionLog.exe","ProcessGuid":"747F3D96-E324-5F44-0000-0010AA0D4100","ProcessId":520,"RuleName":"","TargetFilename":"C:\\Users\\user01\\ntuser.man{f9a54a1d-9fa5-11ea-ac3f-00155d0a720b}.TMContainer00000000000000000001.regtrans-ms","UtcTime":"2020-08-25 10:08:37.392"},"System":{"Channel":"Microsoft-Windows-Sysmon/Operational","Computer":"MSEDGEWIN10","Correlation":null,"EventID":11,"EventRecordID":359033,"Execution_attributes":{"ProcessID":3156,"ThreadID":112},"Keywords":"0x8000000000000000","Level":4,"Opcode":0,"Provider_attributes":{"Guid":"5770385F-C22A-43E0-BF4C-06F5698FFBD9","Name":"Microsoft-Windows-Sysmon"},"Security_attributes":{"UserID":"S-1-5-18"},"Task":11,"TimeCreated_attributes":{"SystemTime":"2020-08-25T10:08:37.401303Z"},"Version":2}},"Event_attributes":{"xmlns":"http://schemas.microsoft.com/win/2004/08/events/event"}}},{"detection":["UAC Bypass Abusing Winsat Path Parsing - File","UAC Bypass Using NTFS Reparse Point - File","UAC Bypass Using .NET Code Profiler on MMC","UAC Bypass Using MSConfig Token Modification - File"],"event":{"Event":{"EventData":{"CreationUtcTime":"2020-08-25 10:08:37.392","Image":"C:\\Users\\user01\\Desktop\\Debug\\TransactionLog.exe","ProcessGuid":"747F3D96-E324-5F44-0000-0010AA0D4100","ProcessId":520,"RuleName":"","TargetFilename":"C:\\Users\\user01\\ntuser.man{f9a54a1d-9fa5-11ea-ac3f-00155d0a720b}.TMContainer00000000000000000002.regtrans-ms","UtcTime":"2020-08-25 10:08:37.392"},"System":{"Channel":"Microsoft-Windows-Sysmon/Operational","Computer":"MSEDGEWIN10","Correlation":null,"EventID":11,"EventRecordID":359036,"Execution_attributes":{"ProcessID":3156,"ThreadID":112},"Keywords":"0x8000000000000000","Level":4,"Opcode":0,"Provider_attributes":{"Guid":"5770385F-C22A-43E0-BF4C-06F5698FFBD9","Name":"Microsoft-Windows-Sysmon"},"Security_attributes":{"UserID":"S-1-5-18"},"Task":11,"TimeCreated_attributes":{"SystemTime":"2020-08-25T10:08:37.418961Z"},"Version":2}},"Event_attributes":{"xmlns":"http://schemas.microsoft.com/win/2004/08/events/event"}}},{"detection":["UAC Bypass Abusing Winsat Path Parsing - File","UAC Bypass Using NTFS Reparse Point - File","UAC Bypass Using .NET Code Profiler on MMC","UAC Bypass Using MSConfig Token Modification - File"],"event":{"Event":{"EventData":{"CreationUtcTime":"2020-08-25 10:08:37.579","Image":"C:\\Users\\user01\\Desktop\\Debug\\TransactionLog.exe","ProcessGuid":"747F3D96-E324-5F44-0000-0010AA0D4100","ProcessId":520,"RuleName":"","TargetFilename":"C:\\Users\\user01\\ntuser.man{f9a54a1c-9fa5-11ea-ac3f-00155d0a720b}.TxR.blf","UtcTime":"2020-08-25 10:08:37.579"},"System":{"Channel":"Microsoft-Windows-Sysmon/Operational","Computer":"MSEDGEWIN10","Correlation":null,"EventID":11,"EventRecordID":359040,"Execution_attributes":{"ProcessID":3156,"ThreadID":112},"Keywords":"0x8000000000000000","Level":4,"Opcode":0,"Provider_attributes":{"Guid":"5770385F-C22A-43E0-BF4C-06F5698FFBD9","Name":"Microsoft-Windows-Sysmon"},"Security_attributes":{"UserID":"S-1-5-18"},"Task":11,"TimeCreated_attributes":{"SystemTime":"2020-08-25T10:08:37.594123Z"},"Version":2}},"Event_attributes":{"xmlns":"http://schemas.microsoft.com/win/2004/08/events/event"}}},{"detection":["UAC Bypass Abusing Winsat Path Parsing - File","UAC Bypass Using NTFS Reparse Point - File","UAC Bypass Using .NET Code Profiler on MMC","UAC Bypass Using MSConfig Token Modification - File"],"event":{"Event":{"EventData":{"CreationUtcTime":"2020-08-25 10:08:37.595","Image":"C:\\Users\\user01\\Desktop\\Debug\\TransactionLog.exe","ProcessGuid":"747F3D96-E324-5F44-0000-0010AA0D4100","ProcessId":520,"RuleName":"","TargetFilename":"C:\\Users\\user01\\ntuser.man{f9a54a1c-9fa5-11ea-ac3f-00155d0a720b}.TxR.0.regtrans-ms","UtcTime":"2020-08-25 10:08:37.595"},"System":{"Channel":"Microsoft-Windows-Sysmon/Operational","Computer":"MSEDGEWIN10","Correlation":null,"EventID":11,"EventRecordID":359041,"Execution_attributes":{"ProcessID":3156,"ThreadID":112},"Keywords":"0x8000000000000000","Level":4,"Opcode":0,"Provider_attributes":{"Guid":"5770385F-C22A-43E0-BF4C-06F5698FFBD9","Name":"Microsoft-Windows-Sysmon"},"Security_attributes":{"UserID":"S-1-5-18"},"Task":11,"TimeCreated_attributes":{"SystemTime":"2020-08-25T10:08:37.610172Z"},"Version":2}},"Event_attributes":{"xmlns":"http://schemas.microsoft.com/win/2004/08/events/event"}}},{"detection":["UAC Bypass Abusing Winsat Path Parsing - File","UAC Bypass Using NTFS Reparse Point - File","UAC Bypass Using .NET Code Profiler on MMC","UAC Bypass Using MSConfig Token Modification - File"],"event":{"Event":{"EventData":{"CreationUtcTime":"2020-08-25 10:08:37.392","Image":"C:\\Users\\user01\\Desktop\\Debug\\TransactionLog.exe","ProcessGuid":"747F3D96-E324-5F44-0000-0010AA0D4100","ProcessId":520,"RuleName":"","TargetFilename":"C:\\Users\\user01\\ntuser.man","UtcTime":"2020-08-25 10:08:37.673"},"System":{"Channel":"Microsoft-Windows-Sysmon/Operational","Computer":"MSEDGEWIN10","Correlation":null,"EventID":11,"EventRecordID":359044,"Execution_attributes":{"ProcessID":3156,"ThreadID":112},"Keywords":"0x8000000000000000","Level":4,"Opcode":0,"Provider_attributes":{"Guid":"5770385F-C22A-43E0-BF4C-06F5698FFBD9","Name":"Microsoft-Windows-Sysmon"},"Security_attributes":{"UserID":"S-1-5-18"},"Task":11,"TimeCreated_attributes":{"SystemTime":"2020-08-25T10:08:37.677776Z"},"Version":2}},"Event_attributes":{"xmlns":"http://schemas.microsoft.com/win/2004/08/events/event"}}},{"detection":["UAC Bypass Abusing Winsat Path Parsing - File","UAC Bypass Using NTFS Reparse Point - File","UAC Bypass Using .NET Code Profiler on MMC","UAC Bypass Using MSConfig Token Modification - File"],"event":{"Event":{"EventData":{"CreationUtcTime":"2020-08-25 10:08:37.673","Image":"C:\\Users\\user01\\Desktop\\Debug\\TransactionLog.exe","ProcessGuid":"747F3D96-E324-5F44-0000-0010AA0D4100","ProcessId":520,"RuleName":"","TargetFilename":"C:\\Users\\user01\\AppData\\Local\\Microsoft\\CLR_v4.0","UtcTime":"2020-08-25 10:08:37.673"},"System":{"Channel":"Microsoft-Windows-Sysmon/Operational","Computer":"MSEDGEWIN10","Correlation":null,"EventID":11,"EventRecordID":359046,"Execution_attributes":{"ProcessID":3156,"ThreadID":112},"Keywords":"0x8000000000000000","Level":4,"Opcode":0,"Provider_attributes":{"Guid":"5770385F-C22A-43E0-BF4C-06F5698FFBD9","Name":"Microsoft-Windows-Sysmon"},"Security_attributes":{"UserID":"S-1-5-18"},"Task":11,"TimeCreated_attributes":{"SystemTime":"2020-08-25T10:08:37.678592Z"},"Version":2}},"Event_attributes":{"xmlns":"http://schemas.microsoft.com/win/2004/08/events/event"}}},{"detection":["UAC Bypass Abusing Winsat Path Parsing - File","UAC Bypass Using NTFS Reparse Point - File","UAC Bypass Using .NET Code Profiler on MMC","UAC Bypass Using MSConfig Token Modification - File"],"event":{"Event":{"EventData":{"CreationUtcTime":"2020-08-25 10:08:37.673","Image":"C:\\Users\\user01\\Desktop\\Debug\\TransactionLog.exe","ProcessGuid":"747F3D96-E324-5F44-0000-0010AA0D4100","ProcessId":520,"RuleName":"","TargetFilename":"C:\\Users\\user01\\AppData\\Local\\Microsoft\\CLR_v4.0\\UsageLogs","UtcTime":"2020-08-25 10:08:37.673"},"System":{"Channel":"Microsoft-Windows-Sysmon/Operational","Computer":"MSEDGEWIN10","Correlation":null,"EventID":11,"EventRecordID":359047,"Execution_attributes":{"ProcessID":3156,"ThreadID":112},"Keywords":"0x8000000000000000","Level":4,"Opcode":0,"Provider_attributes":{"Guid":"5770385F-C22A-43E0-BF4C-06F5698FFBD9","Name":"Microsoft-Windows-Sysmon"},"Security_attributes":{"UserID":"S-1-5-18"},"Task":11,"TimeCreated_attributes":{"SystemTime":"2020-08-25T10:08:37.678627Z"},"Version":2}},"Event_attributes":{"xmlns":"http://schemas.microsoft.com/win/2004/08/events/event"}}},{"detection":["UAC Bypass Abusing Winsat Path Parsing - File","UAC Bypass Using NTFS Reparse Point - File","UAC Bypass Using .NET Code Profiler on MMC","UAC Bypass Using MSConfig Token Modification - File"],"event":{"Event":{"EventData":{"CreationUtcTime":"2020-08-25 10:08:37.673","Image":"C:\\Users\\user01\\Desktop\\Debug\\TransactionLog.exe","ProcessGuid":"747F3D96-E324-5F44-0000-0010AA0D4100","ProcessId":520,"RuleName":"","TargetFilename":"C:\\Users\\user01\\AppData\\Local\\Microsoft\\CLR_v4.0\\UsageLogs\\TransactionLog.exe.log","UtcTime":"2020-08-25 10:08:37.673"},"System":{"Channel":"Microsoft-Windows-Sysmon/Operational","Computer":"MSEDGEWIN10","Correlation":null,"EventID":11,"EventRecordID":359048,"Execution_attributes":{"ProcessID":3156,"ThreadID":112},"Keywords":"0x8000000000000000","Level":4,"Opcode":0,"Provider_attributes":{"Guid":"5770385F-C22A-43E0-BF4C-06F5698FFBD9","Name":"Microsoft-Windows-Sysmon"},"Security_attributes":{"UserID":"S-1-5-18"},"Task":11,"TimeCreated_attributes":{"SystemTime":"2020-08-25T10:08:37.678671Z"},"Version":2}},"Event_attributes":{"xmlns":"http://schemas.microsoft.com/win/2004/08/events/event"}}},{"detection":["OceanLotus Registry Activity","UAC Bypass via Event Viewer"],"event":{"Event":{"EventData":{"Details":"(Empty)","EventType":"SetValue","Image":"C:\\Windows\\system32\\reg.exe","ProcessGuid":"747F3D96-A104-5D46-0000-0010C79CBC03","ProcessId":7312,"RuleName":"","TargetObject":"HKU\\S-1-5-21-3461203602-4096304019-2269080069-1000_Classes\\Folder\\shell\\open\\command\\DelegateExecute","UtcTime":"2019-08-04 09:10:28.869"},"System":{"Channel":"Microsoft-Windows-Sysmon/Operational","Computer":"MSEDGEWIN10","Correlation":null,"EventID":13,"EventRecordID":5696,"Execution_attributes":{"ProcessID":2780,"ThreadID":3676},"Keywords":"0x8000000000000000","Level":4,"Opcode":0,"Provider_attributes":{"Guid":"5770385F-C22A-43E0-BF4C-06F5698FFBD9","Name":"Microsoft-Windows-Sysmon"},"Security_attributes":{"UserID":"S-1-5-18"},"Task":13,"TimeCreated_attributes":{"SystemTime":"2019-08-04T09:10:28.893194Z"},"Version":2}},"Event_attributes":{"xmlns":"http://schemas.microsoft.com/win/2004/08/events/event"}}},{"detection":["OceanLotus Registry Activity","UAC Bypass via Event Viewer"],"event":{"Event":{"EventData":{"Details":"C:\\Windows\\system32\\cmd.exe","EventType":"SetValue","Image":"C:\\Windows\\system32\\reg.exe","ProcessGuid":"747F3D96-A104-5D46-0000-001092A6BC03","ProcessId":2576,"RuleName":"PrivEsc - UAC bypass UACME-53","TargetObject":"HKU\\S-1-5-21-3461203602-4096304019-2269080069-1000_Classes\\Folder\\shell\\open\\command\\(Default)","UtcTime":"2019-08-04 09:10:29.025"},"System":{"Channel":"Microsoft-Windows-Sysmon/Operational","Computer":"MSEDGEWIN10","Correlation":null,"EventID":13,"EventRecordID":5698,"Execution_attributes":{"ProcessID":2780,"ThreadID":3676},"Keywords":"0x8000000000000000","Level":4,"Opcode":0,"Provider_attributes":{"Guid":"5770385F-C22A-43E0-BF4C-06F5698FFBD9","Name":"Microsoft-Windows-Sysmon"},"Security_attributes":{"UserID":"S-1-5-18"},"Task":13,"TimeCreated_attributes":{"SystemTime":"2019-08-04T09:10:29.060588Z"},"Version":2}},"Event_attributes":{"xmlns":"http://schemas.microsoft.com/win/2004/08/events/event"}}},{"detection":["Sdclt Child Processes"],"event":{"Event":{"EventData":{"CommandLine":"\"C:\\Windows\\System32\\control.exe\"  /name Microsoft.BackupAndRestoreCenter","Company":"Microsoft Corporation","CurrentDirectory":"C:\\Windows\\system32\\","Description":"Windows Control Panel","FileVersion":"10.0.17763.1 (WinBuild.160101.0800)","Hashes":"SHA1=391FF1F690C0912C217B3CF625900D4F50128867,MD5=88EA810385F455C74306D71C4879C61C,SHA256=4774A931C9D97828323C9E829917D82C27A05DAB9FEA6A0CEF9EBBA59942231F,IMPHASH=7A8EC2645C24D85DE8216D63022623C0","Image":"C:\\Windows\\System32\\control.exe","IntegrityLevel":"High","LogonGuid":"747F3D96-56A3-5D45-0000-0020B3D31800","LogonId":"0x18d3b3","ParentCommandLine":"\"C:\\Windows\\system32\\sdclt.exe\" ","ParentImage":"C:\\Windows\\System32\\sdclt.exe","ParentProcessGuid":"747F3D96-A105-5D46-0000-00103BEBBC03","ParentProcessId":4532,"ProcessGuid":"747F3D96-A106-5D46-0000-00107201BD03","ProcessId":1380,"Product":"Microsoft® Windows® Operating System","RuleName":"","TerminalSessionId":1,"User":"MSEDGEWIN10\\IEUser","UtcTime":"2019-08-04 09:10:30.346"},"System":{"Channel":"Microsoft-Windows-Sysmon/Operational","Computer":"MSEDGEWIN10","Correlation":null,"EventID":1,"EventRecordID":5702,"Execution_attributes":{"ProcessID":2780,"ThreadID":3676},"Keywords":"0x8000000000000000","Level":4,"Opcode":0,"Provider_attributes":{"Guid":"5770385F-C22A-43E0-BF4C-06F5698FFBD9","Name":"Microsoft-Windows-Sysmon"},"Security_attributes":{"UserID":"S-1-5-18"},"Task":1,"TimeCreated_attributes":{"SystemTime":"2019-08-04T09:10:30.752830Z"},"Version":5}},"Event_attributes":{"xmlns":"http://schemas.microsoft.com/win/2004/08/events/event"}}}]